# JRE version: OpenJDK Runtime Environment (15.0.1+9) (build 15.0.1+9-18)
# Java VM: OpenJDK 64-Bit Server VM (15.0.1+9-18, mixed mode, tiered, compressed oops, g1 gc, windows-amd64)
GC Precious Log:
 CPUs: 4 total, 4 available
 Memory: 3961M
 Large Page Support: Disabled
 NUMA Support: Disabled
 Compressed Oops: Enabled (32-bit)
 Heap Region Size: 1M
 Heap Min Capacity: 8M
 Heap Initial Capacity: 62M
 Heap Max Capacity: 992M
 Pre-touch: Disabled
 Parallel Workers: 4
 Concurrent Workers: 1
 Concurrent Refinement Workers: 4
 Periodic GC: Disabled
Heap:
 garbage-first heap   total 34816K, used 12940K [0x00000000c2000000, 0x0000000100000000)
  region size 1024K, 9 young (9216K), 3 survivors (3072K)
 Metaspace       used 22275K, capacity 22520K, committed 22784K, reserved 1069056K
  class space    used 2381K, capacity 2465K, committed 2560K, reserved 1048576K
GC Heap History (6 events):
Event: 1.117 GC heap before
{Heap before GC invocations=0 (full 0):
 garbage-first heap   total 63488K, used 14336K [0x00000000c2000000, 0x0000000100000000)
  region size 1024K, 13 young (13312K), 0 survivors (0K)
 Metaspace       used 11971K, capacity 12060K, committed 12288K, reserved 1060864K
  class space    used 1129K, capacity 1162K, committed 1280K, reserved 1048576K
}
Event: 1.126 GC heap after
{Heap after GC invocations=1 (full 0):
 garbage-first heap   total 63488K, used 6168K [0x00000000c2000000, 0x0000000100000000)
  region size 1024K, 2 young (2048K), 2 survivors (2048K)
 Metaspace       used 11971K, capacity 12060K, committed 12288K, reserved 1060864K
  class space    used 1129K, capacity 1162K, committed 1280K, reserved 1048576K
}
Event: 1.947 GC heap before
{Heap before GC invocations=1 (full 0):
 garbage-first heap   total 63488K, used 17432K [0x00000000c2000000, 0x0000000100000000)
  region size 1024K, 14 young (14336K), 2 survivors (2048K)
 Metaspace       used 17499K, capacity 17762K, committed 18048K, reserved 1064960K
  class space    used 1775K, capacity 1842K, committed 1920K, reserved 1048576K
}
Event: 1.953 GC heap after
{Heap after GC invocations=2 (full 0):
 garbage-first heap   total 63488K, used 7447K [0x00000000c2000000, 0x0000000100000000)
  region size 1024K, 2 young (2048K), 2 survivors (2048K)
 Metaspace       used 17499K, capacity 17762K, committed 18048K, reserved 1064960K
  class space    used 1775K, capacity 1842K, committed 1920K, reserved 1048576K
}
Event: 3.054 GC heap before
{Heap before GC invocations=2 (full 0):
 garbage-first heap   total 63488K, used 20759K [0x00000000c2000000, 0x0000000100000000)
  region size 1024K, 16 young (16384K), 2 survivors (2048K)
 Metaspace       used 20936K, capacity 21176K, committed 21248K, reserved 1069056K
  class space    used 2198K, capacity 2273K, committed 2304K, reserved 1048576K
}
Event: 3.064 GC heap after
{Heap after GC invocations=3 (full 0):
 garbage-first heap   total 63488K, used 8844K [0x00000000c2000000, 0x0000000100000000)
  region size 1024K, 3 young (3072K), 3 survivors (3072K)
 Metaspace       used 20936K, capacity 21176K, committed 21248K, reserved 1069056K
  class space    used 2198K, capacity 2273K, committed 2304K, reserved 1048576K
}

