# JRE version: OpenJDK Runtime Environment (15.0.1+9) (build 15.0.1+9-18)
# Java VM: OpenJDK 64-Bit Server VM (15.0.1+9-18, mixed mode, tiered, compressed oops, g1 gc, windows-amd64)
GC Precious Log:
 CPUs: 4 total, 4 available
 Memory: 3961M
 Large Page Support: Disabled
 NUMA Support: Disabled
 Compressed Oops: Enabled (32-bit)
 Heap Region Size: 1M
 Heap Min Capacity: 8M
 Heap Initial Capacity: 62M
 Heap Max Capacity: 992M
 Pre-touch: Disabled
 Parallel Workers: 4
 Concurrent Workers: 1
 Concurrent Refinement Workers: 4
 Periodic GC: Disabled
Heap:
 garbage-first heap   total 37888K, used 15293K [0x00000000c2000000, 0x0000000100000000)
  region size 1024K, 9 young (9216K), 2 survivors (2048K)
 Metaspace       used 23282K, capacity 23537K, committed 23804K, reserved 1071104K
  class space    used 2457K, capacity 2548K, committed 2560K, reserved 1048576K
GC Heap History (6 events):
Event: 1.281 GC heap before
{Heap before GC invocations=0 (full 0):
 garbage-first heap   total 63488K, used 14336K [0x00000000c2000000, 0x0000000100000000)
  region size 1024K, 13 young (13312K), 0 survivors (0K)
 Metaspace       used 11917K, capacity 12068K, committed 12288K, reserved 1060864K
  class space    used 1113K, capacity 1162K, committed 1280K, reserved 1048576K
}
Event: 1.287 GC heap after
{Heap after GC invocations=1 (full 0):
 garbage-first heap   total 63488K, used 6184K [0x00000000c2000000, 0x0000000100000000)
  region size 1024K, 2 young (2048K), 2 survivors (2048K)
 Metaspace       used 11917K, capacity 12068K, committed 12288K, reserved 1060864K
  class space    used 1113K, capacity 1162K, committed 1280K, reserved 1048576K
}
Event: 1.717 GC heap before
{Heap before GC invocations=1 (full 0):
 garbage-first heap   total 63488K, used 18472K [0x00000000c2000000, 0x0000000100000000)
  region size 1024K, 14 young (14336K), 2 survivors (2048K)
 Metaspace       used 16440K, capacity 16591K, committed 16896K, reserved 1064960K
  class space    used 1627K, capacity 1686K, committed 1792K, reserved 1048576K
}
Event: 1.725 GC heap after
{Heap after GC invocations=2 (full 0):
 garbage-first heap   total 63488K, used 7820K [0x00000000c2000000, 0x0000000100000000)
  region size 1024K, 2 young (2048K), 2 survivors (2048K)
 Metaspace       used 16440K, capacity 16591K, committed 16896K, reserved 1064960K
  class space    used 1627K, capacity 1686K, committed 1792K, reserved 1048576K
}
Event: 2.756 GC heap before
{Heap before GC invocations=2 (full 0):
 garbage-first heap   total 63488K, used 21132K [0x00000000c2000000, 0x0000000100000000)
  region size 1024K, 17 young (17408K), 2 survivors (2048K)
 Metaspace       used 20978K, capacity 21204K, committed 21248K, reserved 1069056K
  class space    used 2211K, capacity 2284K, committed 2304K, reserved 1048576K
}
Event: 2.762 GC heap after
{Heap after GC invocations=3 (full 0):
 garbage-first heap   total 63488K, used 9149K [0x00000000c2000000, 0x0000000100000000)
  region size 1024K, 2 young (2048K), 2 survivors (2048K)
 Metaspace       used 20978K, capacity 21204K, committed 21248K, reserved 1069056K
  class space    used 2211K, capacity 2284K, committed 2304K, reserved 1048576K
}

